2012/09/15 14:22:22 - [GLOBAL START]
	exe path : /home/users/borne/BorneInfo/bin/

2012/09/15 14:22:22 - [START]

2012/09/15 14:22:33 - [STOP]
	Demande d'arrêt de l'application

2012/09/15 14:22:37 - [GLOBAL START]
	exe path : /home/users/borne/BorneInfo/bin/

2012/09/15 14:22:37 - [START]

2012/09/15 14:22:42 - [STOP]
	Demande d'arrêt de l'application

2012/09/15 14:27:34 - [GLOBAL START]
	exe path : /home/users/borne/BorneInfo/bin/

2012/09/15 14:27:34 - [START]

2012/09/15 14:27:42 - [STOP]
	Demande d'arrêt de l'application

2012/09/15 14:53:59 - [GLOBAL START]
	exe path : /home/users/borne/BorneInfo/bin/

2012/09/15 14:53:59 - [START]

2012/09/15 14:54:28 - [STOP]
	Demande d'arrêt de l'application

2012/09/15 14:54:43 - [GLOBAL START]
	exe path : /home/users/borne/BorneInfo/bin/

2012/09/15 14:54:43 - [START]

2012/09/15 14:54:57 - [STOP]
	Demande d'arrêt de l'application

2012/09/15 14:55:41 - [GLOBAL START]
	exe path : /home/users/borne/BorneInfo/bin/

2012/09/15 14:55:41 - [START]

2012/09/15 14:56:17 - [GLOBAL START]
	exe path : /home/users/borne/BorneInfo/bin/

2012/09/15 14:56:17 - [START]

2012/09/15 15:40:15 - [STOP]
	Demande d'arrêt de l'application

